Removed Pin From Net: NetName=GND Pin=C14-1
Removed Pin From Net: NetName=5V Pin=C14-2
Removed Pin From Net: NetName=GND Pin=C19-1
Removed Pin From Net: NetName=SW1 Pin=C19-2
Removed Pin From Net: NetName=GND Pin=C20-1
Removed Pin From Net: NetName=SW2 Pin=C20-2
Removed Pin From Net: NetName=GND Pin=C21-1
Removed Pin From Net: NetName=SW3 Pin=C21-2
Removed Pin From Net: NetName=GND Pin=C22-1
Removed Pin From Net: NetName=SW4 Pin=C22-2
Removed Pin From Net: NetName=GND Pin=C54-1
Removed Pin From Net: NetName=5V Pin=C54-2
Removed Pin From Net: NetName=GND Pin=C55-1
Removed Pin From Net: NetName=5V Pin=C55-2
Removed Pin From Net: NetName=5V Pin=R1-1
Removed Pin From Net: NetName=AX12TXEN Pin=R1-2
Removed Pin From Net: NetName=5V Pin=R2-1
Removed Pin From Net: NetName=AX12RXEN Pin=R2-2
Removed Pin From Net: NetName=5V Pin=R3-1
Removed Pin From Net: NetName=AX12_DATA Pin=R3-2
Removed Pin From Net: NetName=5V Pin=R4-1
Removed Pin From Net: NetName=AX12RX Pin=R4-2
Removed Pin From Net: NetName=NetLA1_2 Pin=R5-1
Removed Pin From Net: NetName=LA1 Pin=R5-2
Removed Pin From Net: NetName=NetLA2_2 Pin=R7-1
Removed Pin From Net: NetName=LA2 Pin=R7-2
Removed Pin From Net: NetName=NetLA3_2 Pin=R9-1
Removed Pin From Net: NetName=LA3 Pin=R9-2
Removed Pin From Net: NetName=NetLA4_2 Pin=R11-1
Removed Pin From Net: NetName=5V Pin=R23-1
Removed Pin From Net: NetName=SW1 Pin=R23-2
Removed Pin From Net: NetName=5V Pin=R24-1
Removed Pin From Net: NetName=SW2 Pin=R24-2
Removed Pin From Net: NetName=5V Pin=R25-1
Removed Pin From Net: NetName=SW3 Pin=R25-2
Removed Pin From Net: NetName=5V Pin=R26-1
Removed Pin From Net: NetName=SW4 Pin=R26-2
Removed Member From Class: ClassName=ActionneursCapteurs Member=C14
Removed Member From Class: ClassName=ActionneursCapteurs Member=C19
Removed Member From Class: ClassName=ActionneursCapteurs Member=C20
Removed Member From Class: ClassName=ActionneursCapteurs Member=C21
Removed Member From Class: ClassName=ActionneursCapteurs Member=C22
Removed Member From Class: ClassName=ActionneursCapteurs Member=C54
Removed Member From Class: ClassName=ActionneursCapteurs Member=C55
Removed Member From Class: ClassName=ActionneursCapteurs Member=R23
Removed Member From Class: ClassName=ActionneursCapteurs Member=R24
Removed Member From Class: ClassName=ActionneursCapteurs Member=R25
Removed Member From Class: ClassName=ActionneursCapteurs Member=R26
Change Component DesignItemId : Designator=R1 Old DesignItemId=any New DesignItemId=R_trav
Change Component DesignItemId : Designator=R2 Old DesignItemId=any New DesignItemId=R_trav
Change Component DesignItemId : Designator=R3 Old DesignItemId=any New DesignItemId=R_trav
Change Component DesignItemId : Designator=R4 Old DesignItemId=any New DesignItemId=R_trav
Change Component DesignItemId : Designator=R5 Old DesignItemId=any New DesignItemId=R_trav
Change Component DesignItemId : Designator=R6 Old DesignItemId=any New DesignItemId=R_trav
Change Component DesignItemId : Designator=R7 Old DesignItemId=any New DesignItemId=R_trav
Change Component DesignItemId : Designator=R8 Old DesignItemId=any New DesignItemId=R_trav
Change Component DesignItemId : Designator=R9 Old DesignItemId=any New DesignItemId=R_trav
Change Component DesignItemId : Designator=R10 Old DesignItemId=any New DesignItemId=R_trav
Change Component DesignItemId : Designator=R11 Old DesignItemId=any New DesignItemId=R_trav
Change Component DesignItemId : Designator=R12 Old DesignItemId=any New DesignItemId=R_trav
Change Component Footprint: Designator=R1 Old Footprint=CMS_0805 New Footprint=R_250mW_trav
Change Component Footprint: Designator=R2 Old Footprint=CMS_0805 New Footprint=R_250mW_trav
Change Component Footprint: Designator=R3 Old Footprint=CMS_0805 New Footprint=R_250mW_trav
Change Component Footprint: Designator=R4 Old Footprint=CMS_0805 New Footprint=R_250mW_trav
Change Component Footprint: Designator=R5 Old Footprint=CMS_0805 New Footprint=R_250mW_trav
Change Component Footprint: Designator=R6 Old Footprint=CMS_0805 New Footprint=R_250mW_trav
Change Component Footprint: Designator=R7 Old Footprint=CMS_0805 New Footprint=R_250mW_trav
Change Component Footprint: Designator=R8 Old Footprint=CMS_0805 New Footprint=R_250mW_trav
Change Component Footprint: Designator=R9 Old Footprint=CMS_0805 New Footprint=R_250mW_trav
Change Component Footprint: Designator=R10 Old Footprint=CMS_0805 New Footprint=R_250mW_trav
Change Component Footprint: Designator=R11 Old Footprint=CMS_0805 New Footprint=R_250mW_trav
Change Component Footprint: Designator=R12 Old Footprint=CMS_0805 New Footprint=R_250mW_trav
Added Component: Designator=C1(C_2.54mm)
Added Component: Designator=C2(C_2.54mm)
Added Component: Designator=C3(C_2.54mm)
Added Component: Designator=C4(C_2.54mm)
Added Component: Designator=C5(C_2.54mm)
Added Component: Designator=C6(C_2.54mm)
Added Component: Designator=C7(C_2.54mm)
Added Component: Designator=R13(R_250mW_trav)
Added Component: Designator=R14(R_250mW_trav)
Added Component: Designator=R15(R_250mW_trav)
Added Component: Designator=R16(R_250mW_trav)
Added Pin To Net: NetName=GND Pin=C1-1
Added Pin To Net: NetName=5V Pin=C1-2
Added Pin To Net: NetName=GND Pin=C2-1
Added Pin To Net: NetName=5V Pin=C2-2
Added Pin To Net: NetName=GND Pin=C3-1
Added Pin To Net: NetName=5V Pin=C3-2
Added Pin To Net: NetName=GND Pin=C4-1
Added Pin To Net: NetName=SW1 Pin=C4-2
Added Pin To Net: NetName=GND Pin=C5-1
Added Pin To Net: NetName=SW2 Pin=C5-2
Added Pin To Net: NetName=GND Pin=C6-1
Added Pin To Net: NetName=SW3 Pin=C6-2
Added Pin To Net: NetName=GND Pin=C7-1
Added Pin To Net: NetName=SW4 Pin=C7-2
Added Pin To Net: NetName=AX12TXEN Pin=R1-1
Added Pin To Net: NetName=5V Pin=R1-2
Added Pin To Net: NetName=AX12RXEN Pin=R2-1
Added Pin To Net: NetName=5V Pin=R2-2
Added Pin To Net: NetName=AX12_DATA Pin=R3-1
Added Pin To Net: NetName=5V Pin=R3-2
Added Pin To Net: NetName=AX12RX Pin=R4-1
Added Pin To Net: NetName=5V Pin=R4-2
Added Pin To Net: NetName=LA1 Pin=R5-1
Added Pin To Net: NetName=NetLA1_2 Pin=R5-2
Added Pin To Net: NetName=LA2 Pin=R7-1
Added Pin To Net: NetName=NetLA2_2 Pin=R7-2
Added Pin To Net: NetName=LA3 Pin=R9-1
Added Pin To Net: NetName=NetLA3_2 Pin=R9-2
Added Pin To Net: NetName=LA1 Pin=R11-1
Added Pin To Net: NetName=NetLA4_2 Pin=R11-2
Added Pin To Net: NetName=LA1 Pin=R12-1
Added Pin To Net: NetName=5V Pin=R13-1
Added Pin To Net: NetName=SW1 Pin=R13-2
Added Pin To Net: NetName=5V Pin=R14-1
Added Pin To Net: NetName=SW2 Pin=R14-2
Added Pin To Net: NetName=5V Pin=R15-1
Added Pin To Net: NetName=SW3 Pin=R15-2
Added Pin To Net: NetName=5V Pin=R16-1
Added Pin To Net: NetName=SW4 Pin=R16-2
Added Member To Class: ClassName=ActionneursCapteurs Member=Component C1 100n
Added Member To Class: ClassName=ActionneursCapteurs Member=Component C2 100n
Added Member To Class: ClassName=ActionneursCapteurs Member=Component C3 100n
Added Member To Class: ClassName=ActionneursCapteurs Member=Component C4 100n
Added Member To Class: ClassName=ActionneursCapteurs Member=Component C5 100n
Added Member To Class: ClassName=ActionneursCapteurs Member=Component C6 100n
Added Member To Class: ClassName=ActionneursCapteurs Member=Component C7 100n
Added Member To Class: ClassName=ActionneursCapteurs Member=Component R13 10k
Added Member To Class: ClassName=ActionneursCapteurs Member=Component R14 10k
Added Member To Class: ClassName=ActionneursCapteurs Member=Component R15 10k
Added Member To Class: ClassName=ActionneursCapteurs Member=Component R16 10k
