Added Component: Designator=C1(C_2.54mm)
Added Component: Designator=C2(C_2.54mm)
Added Component: Designator=C3(C_2.54mm)
Added Component: Designator=C4(C_2.54mm)
Added Component: Designator=C5(C_2.54mm)
Added Component: Designator=C6(C_2.54mm)
Added Component: Designator=C7(C_2.54mm)
Added Component: Designator=C?(C_2.54mm)
Added Component: Designator=K?(B3F-1000)
Added Component: Designator=R1(R_250mW_trav)
Added Component: Designator=R2(R_250mW_trav)
Added Component: Designator=R3(R_250mW_trav)
Added Component: Designator=R4(R_250mW_trav)
Added Component: Designator=R13(R_250mW_trav)
Added Component: Designator=R14(R_250mW_trav)
Added Component: Designator=R15(R_250mW_trav)
Added Component: Designator=R16(R_250mW_trav)
Added Component: Designator=R?(R_250mW_trav)
Added Pin To Net: NetName=GND Pin=C1-1
Added Pin To Net: NetName=5V Pin=C1-2
Added Pin To Net: NetName=GND Pin=C2-1
Added Pin To Net: NetName=5V Pin=C2-2
Added Pin To Net: NetName=GND Pin=C3-1
Added Pin To Net: NetName=5V Pin=C3-2
Added Pin To Net: NetName=GND Pin=C4-1
Added Pin To Net: NetName=SW1 Pin=C4-2
Added Pin To Net: NetName=GND Pin=C5-1
Added Pin To Net: NetName=SW2 Pin=C5-2
Added Pin To Net: NetName=GND Pin=C6-1
Added Pin To Net: NetName=SW3 Pin=C6-2
Added Pin To Net: NetName=GND Pin=C7-1
Added Pin To Net: NetName=SW4 Pin=C7-2
Added Pin To Net: NetName=GND Pin=C?-1
Added Pin To Net: NetName=PUSHBUTTON Pin=C?-2
Added Pin To Net: NetName=PUSHBUTTON Pin=K?-1
Added Pin To Net: NetName=GND Pin=K?-2
Added Pin To Net: NetName=PUSHBUTTON Pin=K?-3
Added Pin To Net: NetName=GND Pin=K?-4
Added Pin To Net: NetName=AX12TXEN Pin=R1-1
Added Pin To Net: NetName=5V Pin=R1-2
Added Pin To Net: NetName=AX12RXEN Pin=R2-1
Added Pin To Net: NetName=5V Pin=R2-2
Added Pin To Net: NetName=AX12_DATA Pin=R3-1
Added Pin To Net: NetName=5V Pin=R3-2
Added Pin To Net: NetName=AX12RX Pin=R4-1
Added Pin To Net: NetName=5V Pin=R4-2
Added Pin To Net: NetName=5V Pin=R13-1
Added Pin To Net: NetName=SW1 Pin=R13-2
Added Pin To Net: NetName=5V Pin=R14-1
Added Pin To Net: NetName=SW2 Pin=R14-2
Added Pin To Net: NetName=5V Pin=R15-1
Added Pin To Net: NetName=SW3 Pin=R15-2
Added Pin To Net: NetName=5V Pin=R16-1
Added Pin To Net: NetName=SW4 Pin=R16-2
Added Pin To Net: NetName=PUSHBUTTON Pin=R?-1
Added Pin To Net: NetName=VCC Pin=R?-2
Added Member To Class: ClassName=ActionneursCapteurs Member=Component C1 100n
Added Member To Class: ClassName=ActionneursCapteurs Member=Component C2 100n
Added Member To Class: ClassName=ActionneursCapteurs Member=Component C3 100n
Added Member To Class: ClassName=ActionneursCapteurs Member=Component C4 100n
Added Member To Class: ClassName=ActionneursCapteurs Member=Component C5 100n
Added Member To Class: ClassName=ActionneursCapteurs Member=Component C6 100n
Added Member To Class: ClassName=ActionneursCapteurs Member=Component C7 100n
Added Member To Class: ClassName=Arduino Member=Component C? 100n
Added Member To Class: ClassName=Arduino Member=Component K? B3F-1000
Added Member To Class: ClassName=ActionneursCapteurs Member=Component R1 10k
Added Member To Class: ClassName=ActionneursCapteurs Member=Component R2 10k
Added Member To Class: ClassName=ActionneursCapteurs Member=Component R3 10k
Added Member To Class: ClassName=ActionneursCapteurs Member=Component R4 10k
Added Member To Class: ClassName=ActionneursCapteurs Member=Component R13 10k
Added Member To Class: ClassName=ActionneursCapteurs Member=Component R14 10k
Added Member To Class: ClassName=ActionneursCapteurs Member=Component R15 10k
Added Member To Class: ClassName=ActionneursCapteurs Member=Component R16 10k
Added Member To Class: ClassName=Arduino Member=Component R? R_trav
