Replace Part C1 C_47µF in C:\Users\Remy\ownCloud\PSTE\Electronique\ShieldBBGaliV v2\Arduino.SchDoc with C_47µF from Capas_Chimiques.IntLib
Replace Part C2 C_47µF in C:\Users\Remy\ownCloud\PSTE\Electronique\ShieldBBGaliV v2\Arduino.SchDoc with C_47µF from Capas_Chimiques.IntLib
Replace Part C3 C_47µF in C:\Users\Remy\ownCloud\PSTE\Electronique\ShieldBBGaliV v2\Arduino.SchDoc with C_47µF from Capas_Chimiques.IntLib
Replace Part C4 C_47µF in C:\Users\Remy\ownCloud\PSTE\Electronique\ShieldBBGaliV v2\Arduino.SchDoc with C_47µF from Capas_Chimiques.IntLib
Replace Part C5 C_47µF in C:\Users\Remy\ownCloud\PSTE\Electronique\ShieldBBGaliV v2\Arduino.SchDoc with C_47µF from Capas_Chimiques.IntLib
Replace Part C6 C_47µF in C:\Users\Remy\ownCloud\PSTE\Electronique\ShieldBBGaliV v2\Arduino.SchDoc with C_47µF from Capas_Chimiques.IntLib
Replace Part D1 DFN318U-4 in C:\Users\Remy\ownCloud\PSTE\Electronique\ShieldBBGaliV v2\Arduino.SchDoc with DFN318U-4 from Diodes électro-luminescente.IntLib
Replace Part D2 DFN318U-4 in C:\Users\Remy\ownCloud\PSTE\Electronique\ShieldBBGaliV v2\Arduino.SchDoc with DFN318U-4 from Diodes électro-luminescente.IntLib
Replace Part D3 DFN318U-4 in C:\Users\Remy\ownCloud\PSTE\Electronique\ShieldBBGaliV v2\Arduino.SchDoc with DFN318U-4 from Diodes électro-luminescente.IntLib
Replace Part D4 DFN318U-4 in C:\Users\Remy\ownCloud\PSTE\Electronique\ShieldBBGaliV v2\Arduino.SchDoc with DFN318U-4 from Diodes électro-luminescente.IntLib
Replace Part Deep4 DILx4 in C:\Users\Remy\ownCloud\PSTE\Electronique\ShieldBBGaliV v2\Arduino.SchDoc with DILx4 from Switchs.IntLib
Replace Part J1 22-03-2021 in C:\Users\Remy\ownCloud\PSTE\Electronique\ShieldBBGaliV v2\Arduino.SchDoc with 22-03-2021 from Connecteurs.IntLib
Replace Part J2 22-03-2031 in C:\Users\Remy\ownCloud\PSTE\Electronique\ShieldBBGaliV v2\Arduino.SchDoc with 22-03-2031 from Connecteurs.IntLib
Replace Part J3 22-03-2031 in C:\Users\Remy\ownCloud\PSTE\Electronique\ShieldBBGaliV v2\Arduino.SchDoc with 22-03-2031 from Connecteurs.IntLib
Replace Part J4 22-03-2031 in C:\Users\Remy\ownCloud\PSTE\Electronique\ShieldBBGaliV v2\Arduino.SchDoc with 22-03-2031 from Connecteurs.IntLib
Replace Part J5 22-03-2031 in C:\Users\Remy\ownCloud\PSTE\Electronique\ShieldBBGaliV v2\Arduino.SchDoc with 22-03-2031 from Connecteurs.IntLib
Replace Part J6 22-03-2031 in C:\Users\Remy\ownCloud\PSTE\Electronique\ShieldBBGaliV v2\Arduino.SchDoc with 22-03-2031 from Connecteurs.IntLib
Replace Part J7 22-03-2051 in C:\Users\Remy\ownCloud\PSTE\Electronique\ShieldBBGaliV v2\Arduino.SchDoc with 22-03-2051 from Connecteurs.IntLib
Replace Part J8 22-03-2051 in C:\Users\Remy\ownCloud\PSTE\Electronique\ShieldBBGaliV v2\Arduino.SchDoc with 22-03-2051 from Connecteurs.IntLib
Replace Part J9 22-03-2031 in C:\Users\Remy\ownCloud\PSTE\Electronique\ShieldBBGaliV v2\Arduino.SchDoc with 22-03-2031 from Connecteurs.IntLib
Replace Part J10 22-03-2031 in C:\Users\Remy\ownCloud\PSTE\Electronique\ShieldBBGaliV v2\Arduino.SchDoc with 22-03-2031 from Connecteurs.IntLib
Replace Part J11 22-03-2031 in C:\Users\Remy\ownCloud\PSTE\Electronique\ShieldBBGaliV v2\Arduino.SchDoc with 22-03-2031 from Connecteurs.IntLib
Replace Part J12 22-03-2031 in C:\Users\Remy\ownCloud\PSTE\Electronique\ShieldBBGaliV v2\Arduino.SchDoc with 22-03-2031 from Connecteurs.IntLib
Replace Part J13 22-03-2031 in C:\Users\Remy\ownCloud\PSTE\Electronique\ShieldBBGaliV v2\Arduino.SchDoc with 22-03-2031 from Connecteurs.IntLib
Replace Part J14 22-03-2031 in C:\Users\Remy\ownCloud\PSTE\Electronique\ShieldBBGaliV v2\Arduino.SchDoc with 22-03-2031 from Connecteurs.IntLib
Replace Part K1 B3F-1000 in C:\Users\Remy\ownCloud\PSTE\Electronique\ShieldBBGaliV v2\Arduino.SchDoc with B3F-1000 from Switchs.IntLib
Replace Part MEGA1 ESQ-110-14-G-S in C:\Users\Remy\ownCloud\PSTE\Electronique\ShieldBBGaliV v2\Arduino.SchDoc with ESQ-110-14-G-S from Connecteurs.IntLib
Replace Part MEGA2 ESQ-108-14-G-S in C:\Users\Remy\ownCloud\PSTE\Electronique\ShieldBBGaliV v2\Arduino.SchDoc with ESQ-108-14-G-S from Connecteurs.IntLib
Replace Part MEGA3 ESQ-108-14-G-S in C:\Users\Remy\ownCloud\PSTE\Electronique\ShieldBBGaliV v2\Arduino.SchDoc with ESQ-108-14-G-S from Connecteurs.IntLib
Replace Part MEGA4 ESQ-118-14-G-D in C:\Users\Remy\ownCloud\PSTE\Electronique\ShieldBBGaliV v2\Arduino.SchDoc with ESQ-118-14-G-D from Connecteurs.IntLib
Replace Part MEGA5 ESQ-108-14-G-S in C:\Users\Remy\ownCloud\PSTE\Electronique\ShieldBBGaliV v2\Arduino.SchDoc with ESQ-108-14-G-S from Connecteurs.IntLib
Replace Part MEGA6 ESQ-108-14-G-S in C:\Users\Remy\ownCloud\PSTE\Electronique\ShieldBBGaliV v2\Arduino.SchDoc with ESQ-108-14-G-S from Connecteurs.IntLib
Replace Part MEGA7 ESQ-108-14-G-S in C:\Users\Remy\ownCloud\PSTE\Electronique\ShieldBBGaliV v2\Arduino.SchDoc with ESQ-108-14-G-S from Connecteurs.IntLib
Replace Part R1 R_trav in C:\Users\Remy\ownCloud\PSTE\Electronique\ShieldBBGaliV v2\Arduino.SchDoc with R_trav from Resistances2.IntLib
Replace Part R2 R_trav in C:\Users\Remy\ownCloud\PSTE\Electronique\ShieldBBGaliV v2\Arduino.SchDoc with R_trav from Resistances2.IntLib
Replace Part R3 R_trav in C:\Users\Remy\ownCloud\PSTE\Electronique\ShieldBBGaliV v2\Arduino.SchDoc with R_trav from Resistances2.IntLib
Replace Part R4 R_trav in C:\Users\Remy\ownCloud\PSTE\Electronique\ShieldBBGaliV v2\Arduino.SchDoc with R_trav from Resistances2.IntLib
Replace Part R9 R_trav in C:\Users\Remy\ownCloud\PSTE\Electronique\ShieldBBGaliV v2\Arduino.SchDoc with R_trav from Resistances2.IntLib
Replace Part R10 R_trav in C:\Users\Remy\ownCloud\PSTE\Electronique\ShieldBBGaliV v2\Arduino.SchDoc with R_trav from Resistances2.IntLib
Replace Part R11 R_trav in C:\Users\Remy\ownCloud\PSTE\Electronique\ShieldBBGaliV v2\Arduino.SchDoc with R_trav from Resistances2.IntLib
Replace Part R12 R_trav in C:\Users\Remy\ownCloud\PSTE\Electronique\ShieldBBGaliV v2\Arduino.SchDoc with R_trav from Resistances2.IntLib
Replace Part R13 R_trav in C:\Users\Remy\ownCloud\PSTE\Electronique\ShieldBBGaliV v2\Arduino.SchDoc with R_trav from Resistances2.IntLib
Replace Part R14 R_trav in C:\Users\Remy\ownCloud\PSTE\Electronique\ShieldBBGaliV v2\Arduino.SchDoc with R_trav from Resistances2.IntLib
Replace Part R15 R_trav in C:\Users\Remy\ownCloud\PSTE\Electronique\ShieldBBGaliV v2\Arduino.SchDoc with R_trav from Resistances2.IntLib
