Removed Pin From Net: NetName=NetC4_1 Pin=C1-1
Removed Pin From Net: NetName=NetC3_1 Pin=C2-1
Removed Pin From Net: NetName=5V Pin=Sw?-1
Removed Pin From Net: NetName=5V Pin=Sw?-3
Removed Pin From Net: NetName=5V Pin=Sw?-5
Removed Pin From Net: NetName=5V Pin=Sw?-7
Removed Member From Class: ClassName=Arduino Member=Sw?
Change Component Designator: OldDesignator=R12 NewDesignator=R13
Change Component Designator: OldDesignator=R13 NewDesignator=R14
Change Component Designator: OldDesignator=R14 NewDesignator=R15
Added Component: Designator=C3(C_5mm)
Added Component: Designator=C4(C_5mm)
Added Component: Designator=Deep4(DILx4)
Added Pin To Net: NetName=GND Pin=C1-1
Added Pin To Net: NetName=GND Pin=C2-1
Added Pin To Net: NetName=NetC3_1 Pin=C2-1
Added Pin To Net: NetName=5V Pin=C2-2
Added Pin To Net: NetName=NetC4_1 Pin=C1-1
Added Pin To Net: NetName=NetC4_2 Pin=C1-2
Added Pin To Net: NetName=5V Pin=Deep4-1
Added Pin To Net: NetName=5V Pin=Deep4-3
Added Pin To Net: NetName=5V Pin=Deep4-5
Added Pin To Net: NetName=5V Pin=Deep4-7
Added Pin To Net: NetName=NetDeep4_2 Pin=Deep4-2
Added Pin To Net: NetName=NetDeep4_2 Pin=MEGA4-10
Added Pin To Net: NetName=NetDeep4_2 Pin=R1-2
Added Net: Name=NetDeep4_2
Added Pin To Net: NetName=NetDeep4_4 Pin=Deep4-4
Added Pin To Net: NetName=NetDeep4_4 Pin=MEGA4-9
Added Pin To Net: NetName=NetDeep4_4 Pin=R2-2
Added Net: Name=NetDeep4_4
Added Pin To Net: NetName=NetDeep4_6 Pin=Deep4-6
Added Pin To Net: NetName=NetDeep4_6 Pin=MEGA4-8
Added Pin To Net: NetName=NetDeep4_6 Pin=R3-2
Added Net: Name=NetDeep4_6
Added Pin To Net: NetName=NetDeep4_8 Pin=Deep4-8
Added Pin To Net: NetName=NetDeep4_8 Pin=MEGA4-7
Added Pin To Net: NetName=NetDeep4_8 Pin=R4-2
Added Net: Name=NetDeep4_8
Added Member To Class: ClassName=Arduino Member=Component C3 47µF
Added Member To Class: ClassName=Arduino Member=Component C4 47µF
Added Member To Class: ClassName=Arduino Member=Component Deep4 DILx4
Added Member To Class: ClassName=Arduino Member=Component R15 R_trav
