Removed Pin From Net: NetName=NetC4_1 Pin=C1-1
Removed Pin From Net: NetName=5V Pin=C1-2
Removed Pin From Net: NetName=NetC3_1 Pin=C2-1
Removed Pin From Net: NetName=NetC1_2 Pin=C4-1
Removed Pin From Net: NetName=GND Pin=C4-2
Removed Pin From Net: NetName=NetJ16_2 Pin=MEGA4-23
Removed Pin From Net: NetName=NetJ16_1 Pin=MEGA4-24
Removed Pin From Net: NetName=NetJ17_2 Pin=MEGA4-25
Removed Pin From Net: NetName=NetJ17_1 Pin=MEGA4-26
Removed Pin From Net: NetName=NetJ20_2 Pin=MEGA4-27
Added Component: Designator=C3(C_5mm)
Added Component: Designator=C4(C_5mm)
Added Pin To Net: NetName=GND Pin=C1-1
Added Pin To Net: NetName=NetC1_2 Pin=C1-2
Added Pin To Net: NetName=GND Pin=C2-1
Added Pin To Net: NetName=NetC3_1 Pin=C2-1
Added Pin To Net: NetName=5V Pin=C2-2
Added Pin To Net: NetName=NetC4_1 Pin=C1-1
Added Pin To Net: NetName=5V Pin=C1-2
Added Pin To Net: NetName=NetJ16_2 Pin=MEGA4-31
Added Pin To Net: NetName=NetJ16_1 Pin=MEGA4-32
Added Pin To Net: NetName=NetJ17_2 Pin=MEGA4-33
Added Pin To Net: NetName=NetJ17_1 Pin=MEGA4-34
Added Pin To Net: NetName=NetJ20_2 Pin=MEGA4-35
Added Pin To Net: NetName=NetMEGA4_27 Pin=MEGA4-27
Added Net: Name=NetMEGA4_27
Added Pin To Net: NetName=NetMEGA4_28 Pin=MEGA4-28
Added Net: Name=NetMEGA4_28
Added Pin To Net: NetName=NetMEGA4_29 Pin=MEGA4-29
Added Net: Name=NetMEGA4_29
Added Pin To Net: NetName=NetMEGA4_30 Pin=MEGA4-30
Added Net: Name=NetMEGA4_30
Added Member To Class: ClassName=Arduino Member=Component C3 47µF
Added Member To Class: ClassName=Arduino Member=Component C4 47µF
