Removed Pin From Net: NetName=NetC4_1 Pin=C1-1
Removed Pin From Net: NetName=5V Pin=C1-2
Removed Pin From Net: NetName=NetC3_1 Pin=C2-1
Removed Pin From Net: NetName=AX12RX Pin=J7-1
Removed Pin From Net: NetName=AX12TX Pin=J7-2
Removed Pin From Net: NetName=NetMEGA2_5 Pin=MEGA2-5
Removed Pin From Net: NetName=NetMEGA2_6 Pin=MEGA2-6
Removed Pin From Net: NetName=NetMEGA2_4 Pin=R18-1
Removed Pin From Net: NetName=NetMEGA2_6 Pin=R19-1
Removed Pin From Net: NetName=NetMEGA2_5 Pin=R20-1
Added Component: Designator=C3(C_5mm)
Added Component: Designator=C4(C_5mm)
Added Pin To Net: NetName=GND Pin=C1-1
Added Pin To Net: NetName=NetC1_2 Pin=C1-2
Added Pin To Net: NetName=GND Pin=C2-1
Added Pin To Net: NetName=NetC3_1 Pin=C2-1
Added Pin To Net: NetName=5V Pin=C2-2
Added Pin To Net: NetName=NetC4_1 Pin=C1-1
Added Pin To Net: NetName=5V Pin=C1-2
Added Pin To Net: NetName=NetMEGA2_5 Pin=J7-1
Added Pin To Net: NetName=NetMEGA2_6 Pin=J7-2
Added Pin To Net: NetName=NetMEGA2_6 Pin=MEGA2-5
Added Pin To Net: NetName=NetMEGA2_5 Pin=MEGA2-6
Added Pin To Net: NetName=NetMEGA2_4 Pin=R19-1
Change Net Name : Old Net Name=NetMEGA2_5 New Net Name=NetJ7_1
Change Net Name : Old Net Name=NetMEGA2_6 New Net Name=NetJ7_2
Added Pin To Net: NetName=NetMEGA2_2 Pin=MEGA2-2
Added Pin To Net: NetName=NetMEGA2_2 Pin=R18-1
Added Net: Name=NetMEGA2_2
Added Pin To Net: NetName=NetMEGA2_3 Pin=MEGA2-3
Added Pin To Net: NetName=NetMEGA2_3 Pin=R20-1
Added Net: Name=NetMEGA2_3
Added Member To Class: ClassName=Arduino Member=Component C3 47µF
Added Member To Class: ClassName=Arduino Member=Component C4 47µF
