Removed Pin From Net: NetName=NetC4_1 Pin=C1-1
Removed Pin From Net: NetName=5V Pin=C1-2
Removed Pin From Net: NetName=NetC3_1 Pin=C2-1
Removed Pin From Net: NetName=NetC1_2 Pin=C3-1
Removed Pin From Net: NetName=GND Pin=C3-2
Removed Pin From Net: NetName=GND Pin=C4-1
Removed Pin From Net: NetName=5V Pin=C4-2
Added Component: Designator=C3(C_5mm)
Added Component: Designator=C4(C_5mm)
Added Component: Designator=J15(22-03-2021)
Added Component: Designator=J16(22-03-2021)
Added Component: Designator=J17(22-03-2021)
Added Component: Designator=J18(22-03-2021)
Added Component: Designator=J19(22-03-2021)
Added Component: Designator=J20(22-03-2021)
Added Component: Designator=J21(22-03-2021)
Added Component: Designator=J22(22-03-2021)
Added Component: Designator=R16(R_250mW_trav)
Added Component: Designator=R17(R_250mW_trav)
Added Pin To Net: NetName=GND Pin=C1-1
Added Pin To Net: NetName=NetC1_2 Pin=C1-2
Added Pin To Net: NetName=GND Pin=C2-1
Added Pin To Net: NetName=NetC3_1 Pin=C2-1
Added Pin To Net: NetName=5V Pin=C2-2
Added Pin To Net: NetName=NetC4_1 Pin=C1-1
Added Pin To Net: NetName=5V Pin=C1-2
Added Pin To Net: NetName=GND Pin=J15-2
Added Pin To Net: NetName=GND Pin=J20-1
Added Pin To Net: NetName=GND Pin=J22-1
Added Pin To Net: NetName=5V Pin=J22-2
Added Pin To Net: NetName=5V Pin=R16-2
Added Pin To Net: NetName=GND Pin=R17-2
Added Pin To Net: NetName=NetJ15_1 Pin=J15-1
Added Pin To Net: NetName=NetJ15_1 Pin=R16-1
Added Net: Name=NetJ15_1
Added Pin To Net: NetName=NetJ16_1 Pin=J16-1
Added Pin To Net: NetName=NetJ16_1 Pin=MEGA4-34
Added Net: Name=NetJ16_1
Added Pin To Net: NetName=NetJ16_2 Pin=J16-2
Added Pin To Net: NetName=NetJ16_2 Pin=MEGA4-35
Added Net: Name=NetJ16_2
Added Pin To Net: NetName=NetJ17_1 Pin=J17-1
Added Pin To Net: NetName=NetJ17_1 Pin=MEGA4-32
Added Net: Name=NetJ17_1
Added Pin To Net: NetName=NetJ17_2 Pin=J17-2
Added Pin To Net: NetName=NetJ17_2 Pin=MEGA4-33
Added Net: Name=NetJ17_2
Added Pin To Net: NetName=NetJ20_2 Pin=J20-2
Added Pin To Net: NetName=NetJ20_2 Pin=MEGA4-27
Added Net: Name=NetJ20_2
Added Pin To Net: NetName=NetJ21_1 Pin=J21-1
Added Pin To Net: NetName=NetJ21_1 Pin=R17-1
Added Net: Name=NetJ21_1
Added Pin To Net: NetName=NetJ21_2 Pin=J21-2
Added Pin To Net: NetName=NetJ21_2 Pin=MEGA4-25
Added Net: Name=NetJ21_2
Added Member To Class: ClassName=Arduino Member=Component C3 47µF
Added Member To Class: ClassName=Arduino Member=Component C4 47µF
Added Member To Class: ClassName=Arduino Member=Component J15 22-03-2021
Added Member To Class: ClassName=Arduino Member=Component J16 22-03-2021
Added Member To Class: ClassName=Arduino Member=Component J17 22-03-2021
Added Member To Class: ClassName=Arduino Member=Component J18 22-03-2021
Added Member To Class: ClassName=Arduino Member=Component J19 22-03-2021
Added Member To Class: ClassName=Arduino Member=Component J20 22-03-2021
Added Member To Class: ClassName=Arduino Member=Component J21 22-03-2021
Added Member To Class: ClassName=Arduino Member=Component J22 22-03-2021
Added Member To Class: ClassName=Arduino Member=Component R16 R_trav
Added Member To Class: ClassName=Arduino Member=Component R17 R_trav
