Removed Pin From Net: NetName=NetC4_1 Pin=C1-1
Removed Pin From Net: NetName=5V Pin=C1-2
Removed Pin From Net: NetName=NetC3_1 Pin=C2-1
Removed Pin From Net: NetName=NetJ17_1 Pin=MEGA4-23
Removed Pin From Net: NetName=NetJ16_1 Pin=MEGA4-25
Removed Pin From Net: NetName=NetJ16_2 Pin=MEGA4-26
Added Component: Designator=C3(C_5mm)
Added Component: Designator=C4(C_5mm)
Added Pin To Net: NetName=GND Pin=C1-1
Added Pin To Net: NetName=NetC1_2 Pin=C1-2
Added Pin To Net: NetName=GND Pin=C2-1
Added Pin To Net: NetName=NetC3_1 Pin=C2-1
Added Pin To Net: NetName=5V Pin=C2-2
Added Pin To Net: NetName=NetC4_1 Pin=C1-1
Added Pin To Net: NetName=5V Pin=C1-2
Added Pin To Net: NetName=NetJ16_2 Pin=MEGA4-23
Added Pin To Net: NetName=NetJ16_1 Pin=MEGA4-24
Added Pin To Net: NetName=NetJ17_1 Pin=MEGA4-26
Added Member To Class: ClassName=Arduino Member=Component C3 47µF
Added Member To Class: ClassName=Arduino Member=Component C4 47µF
