Removed Pin From Net: NetName=NetC4_1 Pin=C1-1
Removed Pin From Net: NetName=NetC4_2 Pin=C1-2
Removed Pin From Net: NetName=NetC3_1 Pin=C2-1
Removed Pin From Net: NetName=NetD1_K Pin=D2-K
Removed Pin From Net: NetName=5V Pin=J2-2
Removed Pin From Net: NetName=5V Pin=J3-2
Removed Pin From Net: NetName=5V Pin=J4-2
Removed Pin From Net: NetName=5V Pin=J5-2
Removed Pin From Net: NetName=5V Pin=J6-2
Removed Pin From Net: NetName=NetD1_A Pin=MEGA2-7
Removed Pin From Net: NetName=NetD2_A Pin=MEGA2-8
Removed Pin From Net: NetName=NetD1_K Pin=R?-2
Change Component DesignItemId : Designator=D1 Old DesignItemId=LGT676S New DesignItemId=DFN318U-4
Change Component DesignItemId : Designator=D2 Old DesignItemId=LGT676S New DesignItemId=DFN318U-4
Change Component Footprint: Designator=D1 Old Footprint=P-LCC-2 New Footprint=DEL
Change Component Footprint: Designator=D2 Old Footprint=P-LCC-2 New Footprint=DEL
Change Component Comment : Designator=D1 Old Comment=LGT676S New Comment=DFN318U-4
Change Component Comment : Designator=D2 Old Comment=LGT676S New Comment=DFN318U-4
Change Component Designator: OldDesignator=R? NewDesignator=R13
Added Component: Designator=C3(C_5mm)
Added Component: Designator=C4(C_5mm)
Added Component: Designator=D3(DEL)
Added Component: Designator=D4(DEL)
Added Component: Designator=R12(R_250mW_trav)
Added Component: Designator=R14(R_250mW_trav)
Added Pin To Net: NetName=GND Pin=C1-1
Added Pin To Net: NetName=GND Pin=C2-1
Added Pin To Net: NetName=NetC3_1 Pin=C2-1
Added Pin To Net: NetName=5V Pin=C2-2
Added Pin To Net: NetName=NetC4_1 Pin=C1-1
Added Pin To Net: NetName=NetC4_2 Pin=C1-2
Added Pin To Net: NetName=NetD1_A Pin=MEGA1-1
Added Pin To Net: NetName=NetD2_A Pin=MEGA2-7
Added Pin To Net: NetName=GND Pin=R12-1
Added Pin To Net: NetName=NetD1_K Pin=R12-2
Added Pin To Net: NetName=GND Pin=R14-2
Added Pin To Net: NetName=NetC1_2 Pin=C1-2
Added Pin To Net: NetName=NetC1_2 Pin=J2-2
Added Pin To Net: NetName=NetC1_2 Pin=J3-2
Added Pin To Net: NetName=NetC1_2 Pin=J4-2
Added Pin To Net: NetName=NetC1_2 Pin=J5-2
Added Pin To Net: NetName=NetC1_2 Pin=J6-2
Added Net: Name=NetC1_2
Added Pin To Net: NetName=NetD2_K Pin=D2-K
Added Pin To Net: NetName=NetD2_K Pin=D3-K
Added Pin To Net: NetName=NetD2_K Pin=R13-2
Added Net: Name=NetD2_K
Added Pin To Net: NetName=NetD3_A Pin=D3-A
Added Pin To Net: NetName=NetD3_A Pin=MEGA2-8
Added Net: Name=NetD3_A
Added Pin To Net: NetName=NetD4_A Pin=D4-A
Added Pin To Net: NetName=NetD4_A Pin=MEGA4-2
Added Net: Name=NetD4_A
Added Pin To Net: NetName=NetD4_K Pin=D4-K
Added Pin To Net: NetName=NetD4_K Pin=R14-1
Added Net: Name=NetD4_K
Added Member To Class: ClassName=Arduino Member=Component C3 47µF
Added Member To Class: ClassName=Arduino Member=Component C4 47µF
Added Member To Class: ClassName=Arduino Member=Component D3 DFN318U-4
Added Member To Class: ClassName=Arduino Member=Component D4 DFN318U-4
Added Member To Class: ClassName=Arduino Member=Component R12 R_trav
Added Member To Class: ClassName=Arduino Member=Component R14 R_trav
