Removed Pin From Net: NetName=NetC4_1 Pin=C1-1
Removed Pin From Net: NetName=NetC4_2 Pin=C1-2
Removed Pin From Net: NetName=NetC3_1 Pin=C2-1
Added Component: Designator=C3(C_5mm)
Added Component: Designator=C4(C_5mm)
Added Component: Designator=Traco(THL10WI)
Added Pin To Net: NetName=GND Pin=C1-1
Added Pin To Net: NetName=NetC1_2 Pin=C1-2
Added Pin To Net: NetName=GND Pin=C2-1
Added Pin To Net: NetName=NetC3_1 Pin=C2-1
Added Pin To Net: NetName=5V Pin=C2-2
Added Pin To Net: NetName=NetC4_1 Pin=C1-1
Added Pin To Net: NetName=NetC4_2 Pin=C1-2
Added Pin To Net: NetName=NetC1_2 Pin=Traco-1
Added Pin To Net: NetName=GND Pin=Traco-2
Added Pin To Net: NetName=5V Pin=Traco-3
Added Pin To Net: NetName=GND Pin=Traco-5
Added Member To Class: ClassName=Arduino Member=Component C3 47µF
Added Member To Class: ClassName=Arduino Member=Component C4 47µF
Added Member To Class: ClassName=Arduino Member=Component Traco Traco 12V
