Removed Pin From Net: NetName=NetC4_1 Pin=C1-1
Removed Pin From Net: NetName=5V Pin=C1-2
Removed Pin From Net: NetName=NetC3_1 Pin=C2-1
Removed Pin From Net: NetName=GND Pin=R11-1
Added Component: Designator=C3(C_5mm)
Added Component: Designator=C4(C_5mm)
Added Component: Designator=Cb1(C_5mm)
Added Component: Designator=Cb2(C_5mm)
Added Component: Designator=Cb3(C_5mm)
Added Component: Designator=db1(B3F-1000)
Added Component: Designator=db2(B3F-1000)
Added Component: Designator=db3(B3F-1000)
Added Component: Designator=R18(R_250mW_trav)
Added Component: Designator=R19(R_250mW_trav)
Added Component: Designator=R20(R_250mW_trav)
Added Component: Designator=R21(R_250mW_trav)
Added Pin To Net: NetName=GND Pin=C1-1
Added Pin To Net: NetName=NetC1_2 Pin=C1-2
Added Pin To Net: NetName=GND Pin=C2-1
Added Pin To Net: NetName=NetC3_1 Pin=C2-1
Added Pin To Net: NetName=5V Pin=C2-2
Added Pin To Net: NetName=NetC4_1 Pin=C1-1
Added Pin To Net: NetName=5V Pin=C1-2
Added Pin To Net: NetName=5V Pin=Cb1-2
Added Pin To Net: NetName=5V Pin=Cb2-2
Added Pin To Net: NetName=5V Pin=Cb3-2
Added Pin To Net: NetName=5V Pin=db1-2
Added Pin To Net: NetName=5V Pin=db1-4
Added Pin To Net: NetName=5V Pin=db2-1
Added Pin To Net: NetName=5V Pin=db2-3
Added Pin To Net: NetName=5V Pin=db3-2
Added Pin To Net: NetName=5V Pin=db3-4
Added Pin To Net: NetName=NetC4_1 Pin=R11-1
Added Pin To Net: NetName=GND Pin=R21-1
Added Pin To Net: NetName=NetCb1_1 Pin=Cb1-1
Added Pin To Net: NetName=NetCb1_1 Pin=Cb2-1
Added Pin To Net: NetName=NetCb1_1 Pin=Cb3-1
Added Pin To Net: NetName=NetCb1_1 Pin=db1-1
Added Pin To Net: NetName=NetCb1_1 Pin=db1-3
Added Pin To Net: NetName=NetCb1_1 Pin=db2-2
Added Pin To Net: NetName=NetCb1_1 Pin=db2-4
Added Pin To Net: NetName=NetCb1_1 Pin=db3-1
Added Pin To Net: NetName=NetCb1_1 Pin=db3-3
Added Pin To Net: NetName=NetCb1_1 Pin=R18-2
Added Pin To Net: NetName=NetCb1_1 Pin=R19-2
Added Pin To Net: NetName=NetCb1_1 Pin=R20-2
Added Pin To Net: NetName=NetCb1_1 Pin=R21-2
Added Net: Name=NetCb1_1
Added Pin To Net: NetName=NetMEGA2_4 Pin=MEGA2-4
Added Pin To Net: NetName=NetMEGA2_4 Pin=R18-1
Added Net: Name=NetMEGA2_4
Added Pin To Net: NetName=NetMEGA2_5 Pin=MEGA2-5
Added Pin To Net: NetName=NetMEGA2_5 Pin=R20-1
Added Net: Name=NetMEGA2_5
Added Pin To Net: NetName=NetMEGA2_6 Pin=MEGA2-6
Added Pin To Net: NetName=NetMEGA2_6 Pin=R19-1
Added Net: Name=NetMEGA2_6
Added Member To Class: ClassName=Arduino Member=Component C3 47µF
Added Member To Class: ClassName=Arduino Member=Component C4 47µF
Added Member To Class: ClassName=Arduino Member=Component Cb1 47µF
Added Member To Class: ClassName=Arduino Member=Component Cb2 47µF
Added Member To Class: ClassName=Arduino Member=Component Cb3 47µF
Added Member To Class: ClassName=Arduino Member=Component db1 B3F-1000
Added Member To Class: ClassName=Arduino Member=Component db2 B3F-1000
Added Member To Class: ClassName=Arduino Member=Component db3 B3F-1000
Added Member To Class: ClassName=Arduino Member=Component R18 R_trav
Added Member To Class: ClassName=Arduino Member=Component R19 R_trav
Added Member To Class: ClassName=Arduino Member=Component R20 R_trav
Added Member To Class: ClassName=Arduino Member=Component R21 R_trav
