Removed Pin From Net: NetName=NetC4_1 Pin=C1-1
Removed Pin From Net: NetName=5V Pin=C1-2
Removed Pin From Net: NetName=NetC3_1 Pin=C2-1
Added Component: Designator=C3(C_5mm)
Added Component: Designator=C4(C_5mm)
Added Component: Designator=STD1(A4988_Connector_PCB)
Added Component: Designator=STD2(A4988_Connector_PCB)
Added Pin To Net: NetName=GND Pin=C1-1
Added Pin To Net: NetName=NetC1_2 Pin=C1-2
Added Pin To Net: NetName=GND Pin=C2-1
Added Pin To Net: NetName=NetC3_1 Pin=C2-1
Added Pin To Net: NetName=5V Pin=C2-2
Added Pin To Net: NetName=NetC4_1 Pin=C1-1
Added Pin To Net: NetName=5V Pin=C1-2
Added Pin To Net: NetName=GND Pin=STD1-4
Added Pin To Net: NetName=NetMEGA4_30 Pin=STD1-13
Added Pin To Net: NetName=NetMEGA4_29 Pin=STD1-15
Added Pin To Net: NetName=GND Pin=STD2-4
Added Pin To Net: NetName=NetMEGA4_28 Pin=STD2-13
Added Pin To Net: NetName=NetMEGA4_27 Pin=STD2-15
Added Member To Class: ClassName=Arduino Member=Component C3 47µF
Added Member To Class: ClassName=Arduino Member=Component C4 47µF
Added Member To Class: ClassName=Arduino Member=Component STD1 DRV8825 StepMotor Driver Connector
Added Member To Class: ClassName=Arduino Member=Component STD2 DRV8825 StepMotor Driver Connector
